0 info it worked if it ends with ok
1 verbose cli [ 'node', '/usr/bin/npm', 'install', '-g', 'gitbook-cli' ]
2 info using npm@2.14.0
3 info using node@v0.10.36
4 verbose install initial load of /usr/lib/package.json
5 verbose readDependencies loading dependencies from /usr/lib/package.json
6 silly cache add args [ 'gitbook-cli', null ]
7 verbose cache add spec gitbook-cli
8 silly cache add parsed spec { raw: 'gitbook-cli',
8 silly cache add   scope: null,
8 silly cache add   name: 'gitbook-cli',
8 silly cache add   rawSpec: '',
8 silly cache add   spec: '*',
8 silly cache add   type: 'range' }
9 silly addNamed gitbook-cli@*
10 verbose addNamed "*" is a valid semver range for gitbook-cli
11 silly addNameRange { name: 'gitbook-cli', range: '*', hasData: false }
12 silly mapToRegistry name gitbook-cli
13 silly mapToRegistry using default registry
14 silly mapToRegistry registry https://registry.npmjs.org/
15 silly mapToRegistry uri https://registry.npmjs.org/gitbook-cli
16 verbose addNameRange registry:https://registry.npmjs.org/gitbook-cli not in flight; fetching
17 verbose request uri https://registry.npmjs.org/gitbook-cli
18 verbose request no auth needed
19 info attempt registry request try #1 at 09:43:28
20 verbose request id fca2cd48fb7ac0c5
21 http request GET https://registry.npmjs.org/gitbook-cli
22 http 200 https://registry.npmjs.org/gitbook-cli
23 silly get cb [ 200,
23 silly get   { server: 'CouchDB/1.5.0 (Erlang OTP/R16B03)',
23 silly get     etag: '"3MC5O0B8BMQIIOUI8IL1YNCMM"',
23 silly get     'content-type': 'application/json',
23 silly get     'cache-control': 'max-age=60',
23 silly get     'content-length': '11366',
23 silly get     'accept-ranges': 'bytes',
23 silly get     date: 'Mon, 24 Aug 2015 01:43:30 GMT',
23 silly get     via: '1.1 varnish',
23 silly get     age: '0',
23 silly get     connection: 'keep-alive',
23 silly get     'x-served-by': 'cache-itm7426-ITM',
23 silly get     'x-cache': 'MISS',
23 silly get     'x-cache-hits': '0',
23 silly get     'x-timer': 'S1440380609.404886,VS0,VE752',
23 silly get     vary: 'Accept' } ]
24 verbose get saving gitbook-cli to /home/helen/.npm/registry.npmjs.org/gitbook-cli/.cache.json
25 silly addNameRange number 2 { name: 'gitbook-cli', range: '*', hasData: true }
26 silly addNameRange versions [ 'gitbook-cli',
26 silly addNameRange   [ '0.1.0', '0.2.0', '0.3.0', '0.3.1', '0.3.2', '0.3.3', '0.3.4' ] ]
27 silly addNamed gitbook-cli@0.3.4
28 verbose addNamed "0.3.4" is a plain semver version for gitbook-cli
29 silly mapToRegistry name gitbook-cli
30 silly mapToRegistry using default registry
31 silly mapToRegistry registry https://registry.npmjs.org/
32 silly mapToRegistry uri https://registry.npmjs.org/gitbook-cli
33 verbose addRemoteTarball https://registry.npmjs.org/gitbook-cli/-/gitbook-cli-0.3.4.tgz not in flight; adding
34 verbose addRemoteTarball [ 'https://registry.npmjs.org/gitbook-cli/-/gitbook-cli-0.3.4.tgz',
34 verbose addRemoteTarball   'd77581a3da70e7445f069bce4659980b3a40aab5' ]
35 info retry fetch attempt 1 at 09:43:30
36 info attempt registry request try #1 at 09:43:30
37 http fetch GET https://registry.npmjs.org/gitbook-cli/-/gitbook-cli-0.3.4.tgz
38 http fetch 200 https://registry.npmjs.org/gitbook-cli/-/gitbook-cli-0.3.4.tgz
39 silly fetchAndShaCheck shasum d77581a3da70e7445f069bce4659980b3a40aab5
40 verbose addTmpTarball /tmp/npm-8645-c61565b5/registry.npmjs.org/gitbook-cli/-/gitbook-cli-0.3.4.tgz not in flight; adding
41 verbose addTmpTarball already have metadata; skipping unpack for gitbook-cli@0.3.4
42 silly cache afterAdd gitbook-cli@0.3.4
43 verbose afterAdd /home/helen/.npm/gitbook-cli/0.3.4/package/package.json not in flight; writing
44 verbose afterAdd /home/helen/.npm/gitbook-cli/0.3.4/package/package.json written
45 silly install resolved [ { name: 'gitbook-cli',
45 silly install resolved     version: '0.3.4',
45 silly install resolved     homepage: 'https://www.gitbook.com',
45 silly install resolved     description: 'CLI to generate books using gitbook',
45 silly install resolved     main: 'lib/index.js',
45 silly install resolved     dependencies:
45 silly install resolved      { q: '1.0.1',
45 silly install resolved        lodash: '2.4.1',
45 silly install resolved        semver: '2.2.1',
45 silly install resolved        npmi: '0.1.1',
45 silly install resolved        tmp: '0.0.23',
45 silly install resolved        commander: '2.6.0',
45 silly install resolved        optimist: '0.6.1',
45 silly install resolved        'fs-extra': '0.15.0',
45 silly install resolved        'bash-color': '0.0.3',
45 silly install resolved        npm: '2.4.1',
45 silly install resolved        'user-home': '1.1.1' },
45 silly install resolved     repository:
45 silly install resolved      { type: 'git',
45 silly install resolved        url: 'git+https://github.com/GitbookIO/gitbook-cli.git' },
45 silly install resolved     author: { name: 'FriendCode Inc.', email: 'contact@gitbook.com' },
45 silly install resolved     license: 'Apache 2',
45 silly install resolved     bugs: { url: 'https://github.com/GitbookIO/gitbook-cli/issues' },
45 silly install resolved     bin: { gitbook: './bin/gitbook.js' },
45 silly install resolved     contributors: [ [Object], [Object] ],
45 silly install resolved     gitHead: 'a5ed510b6e2059ecbf074456da6c27e3da00d3f7',
45 silly install resolved     _id: 'gitbook-cli@0.3.4',
45 silly install resolved     scripts: {},
45 silly install resolved     _shasum: 'd77581a3da70e7445f069bce4659980b3a40aab5',
45 silly install resolved     _from: 'gitbook-cli@*',
45 silly install resolved     _npmVersion: '2.10.1',
45 silly install resolved     _nodeVersion: '0.10.26',
45 silly install resolved     _npmUser: { name: 'samypesse', email: 'samypesse@gmail.com' },
45 silly install resolved     dist:
45 silly install resolved      { shasum: 'd77581a3da70e7445f069bce4659980b3a40aab5',
45 silly install resolved        tarball: 'http://registry.npmjs.org/gitbook-cli/-/gitbook-cli-0.3.4.tgz' },
45 silly install resolved     maintainers: [ [Object] ],
45 silly install resolved     directories: {},
45 silly install resolved     _resolved: 'https://registry.npmjs.org/gitbook-cli/-/gitbook-cli-0.3.4.tgz' } ]
46 info install gitbook-cli@0.3.4 into /usr/lib
47 info installOne gitbook-cli@0.3.4
48 verbose installOne of gitbook-cli to /usr/lib not in flight; installing
49 verbose makeDirectory /home/helen/.npm/_locks creation not in flight; initializing
50 silly makeDirectory /home/helen/.npm/_locks uid: 1000 gid: 1000
51 verbose lock using /home/helen/.npm/_locks/gitbook-cli-352f442d83e46a64.lock for /usr/lib/node_modules/gitbook-cli
52 silly install write writing gitbook-cli 0.3.4 to /usr/lib/node_modules/gitbook-cli
53 verbose unbuild lib/node_modules/gitbook-cli
54 silly gentlyRm /usr/lib/node_modules/gitbook-cli is being purged from base /usr
55 verbose gentlyRm don't care about contents; nuking /usr/lib/node_modules/gitbook-cli
56 verbose tar unpack /home/helen/.npm/gitbook-cli/0.3.4/package.tgz
57 verbose tar unpacking to /usr/lib/node_modules/gitbook-cli
58 silly gentlyRm /usr/lib/node_modules/gitbook-cli is being purged
59 verbose gentlyRm don't care about contents; nuking /usr/lib/node_modules/gitbook-cli
60 silly gunzTarPerm modes [ '775', '664' ]
61 error tar.unpack untar error /home/helen/.npm/gitbook-cli/0.3.4/package.tgz
62 verbose unlock done using /home/helen/.npm/_locks/gitbook-cli-352f442d83e46a64.lock for /usr/lib/node_modules/gitbook-cli
63 verbose fstream_path /usr/lib/node_modules/gitbook-cli
64 verbose fstream_type Directory
65 verbose fstream_class DirWriter
66 verbose stack Error: EACCES, mkdir '/usr/lib/node_modules/gitbook-cli'
67 verbose fstream_stack /usr/lib/node_modules/npm/node_modules/fstream/lib/dir-writer.js:35:25
67 verbose fstream_stack /usr/lib/node_modules/npm/node_modules/mkdirp/index.js:47:53
67 verbose fstream_stack Object.oncomplete (fs.js:108:15)
68 verbose cwd /home/helen/workspace/Docker/Translation/chinese_docker/installation
69 error Linux 3.19.8-100.fc20.x86_64
70 error argv "node" "/usr/bin/npm" "install" "-g" "gitbook-cli"
71 error node v0.10.36
72 error npm  v2.14.0
73 error path /usr/lib/node_modules/gitbook-cli
74 error code EACCES
75 error errno 3
76 error Error: EACCES, mkdir '/usr/lib/node_modules/gitbook-cli'
76 error  { [Error: EACCES, mkdir '/usr/lib/node_modules/gitbook-cli']
76 error   errno: 3,
76 error   code: 'EACCES',
76 error   path: '/usr/lib/node_modules/gitbook-cli',
76 error   fstream_type: 'Directory',
76 error   fstream_path: '/usr/lib/node_modules/gitbook-cli',
76 error   fstream_class: 'DirWriter',
76 error   fstream_stack:
76 error    [ '/usr/lib/node_modules/npm/node_modules/fstream/lib/dir-writer.js:35:25',
76 error      '/usr/lib/node_modules/npm/node_modules/mkdirp/index.js:47:53',
76 error      'Object.oncomplete (fs.js:108:15)' ] }
77 error Please try running this command again as root/Administrator.
78 verbose exit [ 3, true ]
79 verbose unbuild lib/node_modules/gitbook-cli
80 silly gentlyRm /usr/lib/node_modules/gitbook-cli is being purged from base /usr
81 verbose gentlyRm don't care about contents; nuking /usr/lib/node_modules/gitbook-cli
